[15:46:08] [main/INFO] (FabricLoader/GameProvider) Loading Minecraft 1.18.2 with Fabric Loader 0.13.3
[15:46:08] [main/INFO] (FabricLoader) Loading 49 mods:
	- fabric 0.51.1+1.18.2
	- fabric-api-base 0.4.4+d7c144a860
	- fabric-api-lookup-api-v1 1.6.0+2373a54560
	- fabric-biome-api-v1 8.0.4+7b0f312660
	- fabric-blockrenderlayer-v1 1.1.12+3ac43d9560
	- fabric-command-api-v1 1.1.9+d7c144a860
	- fabric-commands-v0 0.2.8+b4f4f6cd60
	- fabric-containers-v0 0.1.21+d7c144a860
	- fabric-content-registries-v0 3.0.3+d82b939260
	- fabric-convention-tags-v1 1.0.1+474e4f7960
	- fabric-crash-report-info-v1 0.1.11+3ac43d9560
	- fabric-data-generation-api-v1 2.0.9+e19de87d60
	- fabric-dimensions-v1 2.1.17+2540745460
	- fabric-entity-events-v1 1.4.8+d7c144a860
	- fabric-events-interaction-v0 0.4.19+d7c144a860
	- fabric-events-lifecycle-v0 0.2.14+d7c144a860
	- fabric-game-rule-api-v1 1.0.13+d7c144a860
	- fabric-gametest-api-v1 1.0.16+91b7aa6660
	- fabric-item-api-v1 1.4.0+4457765560
	- fabric-item-groups-v0 0.3.11+91896a4960
	- fabric-key-binding-api-v1 1.0.12+54e5b2ec60
	- fabric-keybindings-v0 0.2.10+b4f4f6cd60
	- fabric-lifecycle-events-v1 2.0.3+2d83e92c60
	- fabric-loot-tables-v1 1.0.11+d7c144a860
	- fabric-mining-level-api-v1 2.1.0+81ea5b3c60
	- fabric-models-v0 0.3.6+d7c144a860
	- fabric-networking-api-v1 1.0.21+d882b91560
	- fabric-networking-v0 0.3.8+b4f4f6cd60
	- fabric-object-builder-api-v1 2.1.0+fe4ddef060
	- fabric-particles-v1 0.2.12+526dc1ac60
	- fabric-registry-sync-v0 0.9.8+0d9ab37260
	- fabric-renderer-api-v1 0.4.13+d882b91560
	- fabric-renderer-indigo 0.5.0+7faf0d8860
	- fabric-renderer-registries-v1 3.2.11+b4f4f6cd60
	- fabric-rendering-data-attachment-v1 0.3.7+d7c144a860
	- fabric-rendering-fluids-v1 2.0.2+54e5b2ec60
	- fabric-rendering-v0 1.1.13+b4f4f6cd60
	- fabric-rendering-v1 1.10.7+54e5b2ec60
	- fabric-resource-conditions-api-v1 2.0.3+91b7aa6660
	- fabric-resource-loader-v0 0.4.18+2de5574560
	- fabric-screen-api-v1 1.0.10+d882b91560
	- fabric-screen-handler-api-v1 1.2.0+1f6558e860
	- fabric-textures-v0 1.0.12+3ac43d9560
	- fabric-transfer-api-v1 1.6.0+2373a54560
	- fabric-transitive-access-wideners-v1 1.0.0+bd8a4a1860
	- fabricloader 0.13.3
	- java 18
	- minecraft 1.18.2
	- testmod 0.0.1-1.18.2
[15:46:08] [main/INFO] (FabricLoader/Mixin) SpongePowered MIXIN Subsystem Version=0.8.5 Source=file:/C:/Users/tomas/.gradle/caches/modules-2/files-2.1/net.fabricmc/sponge-mixin/0.11.2+mixin.0.8.5/f4ae569d559b5e3244b67321945261d83ff7ad8e/sponge-mixin-0.11.2+mixin.0.8.5.jar Service=Knot/Fabric Env=CLIENT
[15:46:08] [main/INFO] (FabricLoader/Mixin) Loaded Fabric development mappings for mixin remapper!
[15:46:08] [main/INFO] (FabricLoader/Mixin) Compatibility level set to JAVA_16
[15:46:09] [main/INFO] (FabricLoader/Mixin) Compatibility level set to JAVA_17
[15:46:16] [Render thread/INFO] (Minecraft) Environment: authHost='https://authserver.mojang.com', accountsHost='https://api.mojang.com', sessionHost='https://sessionserver.mojang.com', servicesHost='https://api.minecraftservices.com', name='PROD'
[15:46:17] [Render thread/ERROR] (Minecraft) Failed to verify authentication
com.mojang.authlib.exceptions.InvalidCredentialsException: Status: 401
	at com.mojang.authlib.exceptions.MinecraftClientHttpException.toAuthenticationException(MinecraftClientHttpException.java:56) ~[authlib-3.3.39.jar:?]
	at com.mojang.authlib.yggdrasil.YggdrasilUserApiService.fetchProperties(YggdrasilUserApiService.java:132) ~[authlib-3.3.39.jar:?]
	at com.mojang.authlib.yggdrasil.YggdrasilUserApiService.<init>(YggdrasilUserApiService.java:44) ~[authlib-3.3.39.jar:?]
	at com.mojang.authlib.yggdrasil.YggdrasilAuthenticationService.createUserApiService(YggdrasilAuthenticationService.java:153) ~[authlib-3.3.39.jar:?]
	at net.minecraft.client.MinecraftClient.createUserApiService(MinecraftClient.java:673) [minecraft-project-@-merged-named.jar:?]
	at net.minecraft.client.MinecraftClient.<init>(MinecraftClient.java:495) [minecraft-project-@-merged-named.jar:?]
	at net.minecraft.client.main.Main.main(Main.java:178) [minecraft-project-@-merged-named.jar:?]
	at jdk.internal.reflect.DirectMethodHandleAccessor.invoke(DirectMethodHandleAccessor.java:104) ~[?:?]
	at java.lang.reflect.Method.invoke(Method.java:577) ~[?:?]
	at net.fabricmc.loader.impl.game.minecraft.MinecraftGameProvider.launch(MinecraftGameProvider.java:416) [fabric-loader-0.13.3.jar:?]
	at net.fabricmc.loader.impl.launch.knot.Knot.launch(Knot.java:77) [fabric-loader-0.13.3.jar:?]
	at net.fabricmc.loader.impl.launch.knot.KnotClient.main(KnotClient.java:23) [fabric-loader-0.13.3.jar:?]
	at net.fabricmc.devlaunchinjector.Main.main(Main.java:86) [dev-launch-injector-0.2.1+build.8.jar:?]
Caused by: com.mojang.authlib.exceptions.MinecraftClientHttpException: Status: 401
	at com.mojang.authlib.minecraft.client.MinecraftClient.readInputStream(MinecraftClient.java:78) ~[authlib-3.3.39.jar:?]
	at com.mojang.authlib.minecraft.client.MinecraftClient.get(MinecraftClient.java:48) ~[authlib-3.3.39.jar:?]
	at com.mojang.authlib.yggdrasil.YggdrasilUserApiService.fetchProperties(YggdrasilUserApiService.java:113) ~[authlib-3.3.39.jar:?]
	... 11 more
[15:46:17] [Render thread/INFO] (Minecraft) Setting user: Player556
[15:46:17] [Render thread/INFO] (testmod) Registrování item? pro testmod
[15:46:17] [Render thread/INFO] (testmod) Registrování block?.
[15:46:17] [Render thread/INFO] (testmod) TestMod loaded.
[15:46:17] [Render thread/INFO] (Indigo) [Indigo] Registering Indigo renderer!
[15:46:18] [Render thread/INFO] (Minecraft) Backend library: LWJGL version 3.2.2 build 10
[15:46:22] [Render thread/INFO] (Minecraft) Narrator library for x64 successfully loaded
[15:46:22] [Render thread/INFO] (Minecraft) Reloading ResourceManager: Default, Fabric Mods (Fabric Key Binding API (v1), Fabric Lifecycle Events (v1), Fabric Transfer API (v1), Fabric Registry Sync (v0), Fabric Renderer API (v1), Fabric API Base, Fabric Loot Tables (v1), Fabric BlockRenderLayer Registration (v1), Fabric Dimensions API (v1), Fabric Resource Loader (v0), Fabric Rendering Fluids (v1), Fabric Mining Level API (v1), Fabric API, Fabric Rendering (v1), Fabric Commands (v0), Fabric Content Registries (v0), Fabric Game Test API (v1), Fabric Rendering Data Attachment (v1), Fabric Screen API (v1), Fabric Rendering (v0), Fabric Object Builder API (v1), Fabric Game Rule API (v1), Fabric Networking (v0), Fabric Textures (v0), Fabric Command API (v1), Fabric Crash Report Info (v1), Fabric Resource Conditions API (v1), Fabric Entity Events (v1), Fabric Transitive Access Wideners (v1), Fabric Biome API (v1), Fabric Item Groups (v0), Fabric Item API (v1), Fabric Key Bindings (v0), Fabric Renderer Registries (v1), Fabric Networking API (v1), Fabric Loader, Fabric Screen Handler API (v1), Fabric Particles (v1), Fabric Models (v0), Fabric API Lookup API (v1), Fabric Events Interaction (v0), Fabric Convention Tags, Fabric Data Generation API (v1), Fabric Renderer - Indigo, Fabric Events Lifecycle (v0), Fabric Containers (v0), TestMod)
[15:46:22] [Render thread/INFO] (testmod) This line is printed by an example mod mixin!
[15:46:23] [Realms Notification Availability checker #1/INFO] (Minecraft) Could not authorize you against Realms server: Invalid session id
[15:46:25] [Render thread/INFO] (Minecraft) OpenAL initialized on device OpenAL Soft on Speakers (High Definition Audio Device)
[15:46:25] [Render thread/INFO] (Minecraft) Sound engine started
[15:46:26] [Render thread/INFO] (Minecraft) Created: 1024x1024x4 minecraft:textures/atlas/blocks.png-atlas
[15:46:26] [Render thread/INFO] (Minecraft) Created: 256x128x4 minecraft:textures/atlas/signs.png-atlas
[15:46:26] [Render thread/INFO] (Minecraft) Created: 1024x512x4 minecraft:textures/atlas/banner_patterns.png-atlas
[15:46:26] [Render thread/INFO] (Minecraft) Created: 1024x512x4 minecraft:textures/atlas/shield_patterns.png-atlas
[15:46:26] [Render thread/INFO] (Minecraft) Created: 256x256x4 minecraft:textures/atlas/chest.png-atlas
[15:46:26] [Render thread/INFO] (Minecraft) Created: 512x256x4 minecraft:textures/atlas/beds.png-atlas
[15:46:26] [Render thread/INFO] (Minecraft) Created: 512x256x4 minecraft:textures/atlas/shulker_boxes.png-atlas
[15:46:27] [Render thread/INFO] (Minecraft) Created: 256x256x0 minecraft:textures/atlas/particles.png-atlas
[15:46:27] [Render thread/INFO] (Minecraft) Created: 256x256x0 minecraft:textures/atlas/paintings.png-atlas
[15:46:27] [Render thread/INFO] (Minecraft) Created: 256x128x0 minecraft:textures/atlas/mob_effects.png-atlas
[15:46:27] [Render thread/INFO] (testmod) This line is printed by an example mod mixin!
[15:46:33] [Render thread/INFO] (testmod) This line is printed by an example mod mixin!
[15:46:37] [Render thread/WARN] (Minecraft) Ambiguity between arguments [teleport, location] and [teleport, destination] with inputs: [0.1 -0.5 .9, 0 0 0]
[15:46:37] [Render thread/WARN] (Minecraft) Ambiguity between arguments [teleport, location] and [teleport, targets] with inputs: [0.1 -0.5 .9, 0 0 0]
[15:46:37] [Render thread/WARN] (Minecraft) Ambiguity between arguments [teleport, destination] and [teleport, targets] with inputs: [Player, 0123, @e, dd12be42-52a9-4a91-a8a1-11c01849e498]
[15:46:37] [Render thread/WARN] (Minecraft) Ambiguity between arguments [teleport, targets] and [teleport, destination] with inputs: [Player, 0123, dd12be42-52a9-4a91-a8a1-11c01849e498]
[15:46:37] [Render thread/WARN] (Minecraft) Ambiguity between arguments [teleport, targets, location] and [teleport, targets, destination] with inputs: [0.1 -0.5 .9, 0 0 0]
[15:46:38] [Render thread/INFO] (Minecraft) Loaded 7 recipes
[15:46:38] [Render thread/INFO] (Minecraft) Loaded 1141 advancements
[15:46:39] [Render thread/INFO] (Minecraft) Environment: authHost='https://authserver.mojang.com', accountsHost='https://api.mojang.com', sessionHost='https://sessionserver.mojang.com', servicesHost='https://api.minecraftservices.com', name='PROD'
[15:46:39] [Render thread/INFO] (BiomeModificationImpl) Applied 0 biome modifications to 0 of 61 new biomes in 2.561 ms
[15:46:39] [Server thread/INFO] (Minecraft) Starting integrated minecraft server version 1.18.2
[15:46:39] [Server thread/INFO] (Minecraft) Generating keypair
[15:46:40] [Server thread/INFO] (Minecraft) Preparing start region for dimension minecraft:overworld
[15:46:41] [Render thread/INFO] (Minecraft) Preparing spawn area: 0%
[15:46:49] [Render thread/INFO] (Minecraft) Preparing spawn area: 0%
[15:46:49] [Render thread/INFO] (Minecraft) Preparing spawn area: 0%
[15:46:49] [Render thread/INFO] (Minecraft) Preparing spawn area: 0%
[15:46:49] [Render thread/INFO] (Minecraft) Preparing spawn area: 0%
[15:46:49] [Render thread/INFO] (Minecraft) Preparing spawn area: 0%
[15:46:49] [Render thread/INFO] (Minecraft) Preparing spawn area: 0%
[15:46:49] [Render thread/INFO] (Minecraft) Preparing spawn area: 0%
[15:46:49] [Render thread/INFO] (Minecraft) Preparing spawn area: 0%
[15:46:49] [Render thread/INFO] (Minecraft) Preparing spawn area: 0%
[15:46:49] [Render thread/INFO] (Minecraft) Preparing spawn area: 0%
[15:46:49] [Render thread/INFO] (Minecraft) Preparing spawn area: 0%
[15:46:49] [Render thread/INFO] (Minecraft) Preparing spawn area: 0%
[15:46:49] [Render thread/INFO] (Minecraft) Preparing spawn area: 0%
[15:46:49] [Render thread/INFO] (Minecraft) Preparing spawn area: 0%
[15:46:49] [Render thread/INFO] (Minecraft) Preparing spawn area: 0%
[15:46:49] [Render thread/INFO] (Minecraft) Preparing spawn area: 0%
[15:46:49] [Render thread/INFO] (Minecraft) Preparing spawn area: 0%
[15:46:49] [Render thread/INFO] (Minecraft) Preparing spawn area: 0%
[15:46:49] [Render thread/INFO] (Minecraft) Preparing spawn area: 15%
[15:46:50] [Render thread/INFO] (Minecraft) Preparing spawn area: 22%
[15:46:51] [Render thread/INFO] (Minecraft) Preparing spawn area: 42%
[15:46:51] [Render thread/INFO] (Minecraft) Preparing spawn area: 56%
[15:46:51] [Render thread/INFO] (Minecraft) Preparing spawn area: 72%
[15:46:52] [Render thread/INFO] (Minecraft) Preparing spawn area: 99%
[15:46:52] [Render thread/INFO] (Minecraft) Time elapsed: 12291 ms
[15:46:53] [Server thread/INFO] (Minecraft) Changing view distance to 12, from 10
[15:46:53] [Server thread/INFO] (Minecraft) Changing simulation distance to 12, from 0
[15:46:55] [Server thread/INFO] (Minecraft) Player556[local:E:57699642] logged in with entity id 250 at (-0.5, 94.0, -4.5)
[15:46:55] [Server thread/INFO] (Minecraft) Player556 joined the game
[15:46:56] [Render thread/INFO] (Minecraft) Loaded 0 advancements
[15:47:22] [Server thread/INFO] (Minecraft) Saving and pausing game...
[15:47:22] [Server thread/INFO] (Minecraft) Saving chunks for level 'ServerLevel[New World]'/minecraft:overworld
[15:47:22] [Server thread/INFO] (Minecraft) Saving chunks for level 'ServerLevel[New World]'/minecraft:the_nether
[15:47:22] [Server thread/INFO] (Minecraft) Saving chunks for level 'ServerLevel[New World]'/minecraft:the_end
[15:47:40] [Server thread/INFO] (Minecraft) Changing view distance to 8, from 12
[15:47:40] [Server thread/INFO] (Minecraft) Changing simulation distance to 8, from 12
[15:47:42] [Server thread/INFO] (Minecraft) Saving and pausing game...
[15:47:42] [Server thread/INFO] (Minecraft) Saving chunks for level 'ServerLevel[New World]'/minecraft:overworld
[15:47:42] [Server thread/INFO] (Minecraft) Saving chunks for level 'ServerLevel[New World]'/minecraft:the_nether
[15:47:42] [Server thread/INFO] (Minecraft) Saving chunks for level 'ServerLevel[New World]'/minecraft:the_end
[15:48:48] [Render thread/INFO] (Minecraft) Loaded 21 advancements
[15:48:48] [Render thread/INFO] (Minecraft) Loaded 41 advancements
[15:48:48] [Render thread/INFO] (Minecraft) Loaded 44 advancements
[15:50:12] [Server thread/INFO] (Minecraft) Player556 has made the advancement [Hot Stuff]
[15:50:12] [Render thread/INFO] (Minecraft) [CHAT] Player556 has made the advancement [Hot Stuff]
[15:50:12] [Render thread/INFO] (Minecraft) Loaded 51 advancements
[15:50:48] [Render thread/INFO] (Minecraft) Loaded 60 advancements
[15:54:49] [Server thread/INFO] (Minecraft) Saving and pausing game...
[15:54:49] [Server thread/INFO] (Minecraft) Saving chunks for level 'ServerLevel[New World]'/minecraft:overworld
[15:54:49] [Server thread/INFO] (Minecraft) Saving chunks for level 'ServerLevel[New World]'/minecraft:the_nether
[15:54:49] [Server thread/INFO] (Minecraft) Saving chunks for level 'ServerLevel[New World]'/minecraft:the_end
[15:54:50] [Server thread/INFO] (Minecraft) Player556 lost connection: Disconnected
[15:54:50] [Server thread/INFO] (Minecraft) Player556 left the game
[15:54:50] [Server thread/INFO] (Minecraft) Stopping singleplayer server as player logged out
[15:54:50] [Server thread/INFO] (Minecraft) Stopping server
[15:54:50] [Server thread/INFO] (Minecraft) Saving players
[15:54:50] [Server thread/INFO] (Minecraft) Saving worlds
[15:54:51] [Server thread/INFO] (Minecraft) Saving chunks for level 'ServerLevel[New World]'/minecraft:overworld
[15:54:59] [Server thread/INFO] (Minecraft) Saving chunks for level 'ServerLevel[New World]'/minecraft:the_nether
[15:54:59] [Server thread/INFO] (Minecraft) Saving chunks for level 'ServerLevel[New World]'/minecraft:the_end
